timestamp,mac,rssi,frame
2024-02-14T11:17:31Z,D2:5D:54:6C:5C:E8,-89,QAAAAP///////9JdVGxc6P///////4DgAAdLeWl2MTUwAQQCBAsWMggMEhgkMEhgbAMBCC0aLUAX/wAAAAAAAAAAAAAAAAAAAAAAAAAAAAB/BAAACIRrBw/////////dCwAX
2024-02-14T11:17:31Z,D2:5D:54:6C:5C:E8,-90,QAAAAP///////9JdVGxc6P///////9DgAAABBAIECxYyCAwSGCQwSGBsAwEILRotQBf/AAAAAAAAAAAAAAAAAAAAAAAAAAAAAH8EAAAIhGsHD////////w==
2024-02-14T11:17:32Z,B4:B5:B6:B2:37:CB,-89,QAAAAP///////7S1trI3y/////////A5AAABCIKEi5YMEhgkMgQwSGBsLRrvGQP//wAAAAAAAAAAAAAAAAAAAAAAAAAAAEYFMgABAAB/CQAAAAAAAAAAAA==
2024-02-14T11:17:37Z,BA:9A:CF:78:9C:4C,-82,QAAAAP///////7qaz3icTP///////6A2AAABCIwSmCSwSGBsLRpvABv/AAAAAAAAAAAAAAAAAAAAAAAAAAAAAH8LAAAIBAAAAEAAACC/DDJwgQ/6/wAA+v8AAP8cIwEICAAA
2024-02-14T11:17:37Z,BA:9A:CF:78:9C:4C,-79,QAAAAP///////7qaz3icTP///////+BwAAABCIwSmCSwSGBsLRpvABv/AAAAAAAAAAAAAAAAAAAAAAAAAAAAAH8LAAAIBAAAAEAAACC/DDJwgA/+/wAA/v8AAP8cIwEICAAA
2024-02-14T11:17:39Z,96:6F:9D:D9:03:64,-78,QAAAAP///////5ZvndkDZP////////BfAAABBIKEi5YyCAwSGCQwSGBsAwEILRotQBv/AAAAAAAAAAAAAAAAAAAAAAAAAAAAAH8LAAAIBAAAAEAAACD/HCMBCAgYAIAgMAIA
2024-02-14T11:17:39Z,96:6F:9D:D9:03:64,-78,QAAAAP///////5ZvndkDZP///////0CqAAABBIKEi5YyCAwSGCQwSGBsAwEILRotQBv/AAAAAAAAAAAAAAAAAAAAAAAAAAAAAH8LAAAIBAAAAEAAACD/HCMBCAgYAIAgMAIA
2024-02-14T11:17:39Z,22:32:96:0A:14:B4,-80,QAAAAP///////yIylgoUtP///////1CqAAABCIwSmCSwSGBsLRpvABv/AAAAAAAAAAAAAAAAAAAAAAAAAAAAAH8LAAAIBAAAAEAAACC/DDJwgA/+/wAA/v8AAP8cIwEICAAA
2024-02-14T11:17:39Z,32:07:B4:04:6D:F3,-72,QAAAAP///////zIHtARt8////////8C8AAABBIKEi5YyCAwSGCQwSGBsAwEILRotQBv/AAAAAAAAAAAAAAAAAAAAAAAAAAAAAH8LAAAIBAAAAEAAACD/HCMBCAgYAIAgMAIA
2024-02-14T11:17:40Z,AA:32:3C:8E:E2:3C,-81,QAAAAP///////6oyPI7iPP///////4D+AAABCIwSmCSwSGBsLRpvABv/AAAAAAAAAAAAAAAAAAAAAAAAAAAAAH8LAAAIBAAAAEAAACC/DDJwgA/+/wAA/v8AAP8cIwEICAAA
2024-02-14T11:17:40Z,AA:32:3C:8E:E2:3C,-80,QAAAAP///////6oyPI7iPP///////6AwAAABCIwSmCSwSGBsLRpvABv/AAAAAAAAAAAAAAAAAAAAAAAAAAAAAH8LAAAIBAAAAEAAACC/DDJwgA/+/wAA/v8AAP8cIwEICAAA
2024-02-14T11:17:40Z,42:4A:13:6E:26:14,-91,QAAAAP///////0JKE24mFP///////9DqAAdLeWl2MTUwAQQCBAsWMggMEhgkMEhgbAMBCC0aLUAX/wAAAAAAAAAAAAAAAAAAAAAAAAAAAAB/BAAACIRrBw/////////dCwAX
2024-02-14T11:17:40Z,E2:A5:8C:C5:EA:2A,-90,QAAAAP///////+KljMXqKv///////zDrAAdWb2xpYTcxAQQCBAsWMggMEhgkMEhgbAMBCC0aLUAX/wAAAAAAAAAAAAAAAAAAAAAAAAAAAAB/BAAACIRrBw/////////dCwAX
2024-02-14T11:17:42Z,7E:28:A2:0D:4A:44,-75,QAAAAP///////34oog1KRP///////5B4AAABBIKEi5YyCAwSGCQwSGBsAwEILRotQBv/AAAAAAAAAAAAAAAAAAAAAAAAAAAAAH8LAAAIBAAAAEAAACD/HCMBCAgYAIAgMAIA
2024-02-14T11:17:45Z,52:C0:B6:1C:90:79,-91,QAAAAP///////1LAthyQef///////4B6AAABCAwSGCQwSGBsLRrvARP//wAAAAAAAAAAAAAAAAAAAAAAAAABAL8MsvmRM/r/YgP6/2ID3QcAUPIIACYAfwsAAAoCAEAAAAAB
2024-02-14T11:17:45Z,52:C0:B6:1C:90:79,-91,QAAAAP///////1LAthyQef///////5B6AAABCAwSGCQwSGBsLRrvARP//wAAAAAAAAAAAAAAAAAAAAAAAAABAL8MsvmRM/r/YgP6/2ID3QcAUPIIACYAfwsAAAoCAEAAAAAB
2024-02-14T11:17:45Z,52:C0:B6:1C:90:79,-90,QAAAAP///////1LAthyQef///////6B6AAABCAwSGCQwSGBsLRrvARP//wAAAAAAAAAAAAAAAAAAAAAAAAABAL8MsvmRM/r/YgP6/2ID3QcAUPIIACYAfwsAAAoCAEAAAAAB
2024-02-14T11:17:45Z,52:C0:B6:1C:90:79,-89,QAAAAP///////1LAthyQef///////7B6AAABCAwSGCQwSGBsLRrvARP//wAAAAAAAAAAAAAAAAAAAAAAAAABAL8MsvmRM/r/YgP6/2ID3QcAUPIIACYAfwsAAAoCAEAAAAAB
2024-02-14T11:17:45Z,0A:69:E3:7F:7E:CA,-77,QAAAAP///////wpp439+yv///////zCFAAABBIKEi5YyCAwSGCQwSGBsAwEILRotQBv/AAAAAAAAAAAAAAAAAAAAAAAAAAAAAH8LAAAIBAAAAEAAACD/HCMBCAgYAIAgMAIA
2024-02-14T11:17:46Z,52:C0:B6:1C:90:79,-91,QAAAAP///////1LAthyQef///////5DcAAABBAIECxYyCAwSGCQwSGBsAwEILRqtARP//wAAAAAAAAAAAAAAAAAAAAAAAAABAL8MkvmRM/r/YgP6/2ID3QcAUPIIACoAfwsA
2024-02-14T11:17:46Z,52:C0:B6:1C:90:79,-87,QAAAAP///////1LAthyQef///////6DcAAABBAIECxYyCAwSGCQwSGBsAwEILRqtARP//wAAAAAAAAAAAAAAAAAAAAAAAAABAL8MkvmRM/r/YgP6/2ID3QcAUPIIACoAfwsA
2024-02-14T11:17:46Z,12:E6:FB:3D:74:17,-84,QAAAAP///////xLm+z10F/////////DUAAABCIwSmCSwSGBsLRpvABv/AAAAAAAAAAAAAAAAAAAAAAAAAAAAAH8LAAAIBAAAAEAAACC/DDJwgQ/6/wAA+v8AAP8cIwEICAAA
2024-02-14T11:17:46Z,12:E6:FB:3D:74:17,-83,QAAAAP///////xLm+z10F////////wDVAAABCIwSmCSwSGBsLRpvABv/AAAAAAAAAAAAAAAAAAAAAAAAAAAAAH8LAAAIBAAAAEAAACC/DDJwgQ/6/wAA+v8AAP8cIwEICAAA
2024-02-14T11:17:47Z,92:2D:FA:1E:57:54,-81,QAAAAP///////5It+h5XVP///////6D1AAABCIwSmCSwSGBsLRpvABv/AAAAAAAAAAAAAAAAAAAAAAAAAAAAAH8LAAAIBAAAAEAAACC/DDJwgA/+/wAA/v8AAP8cIwEICAAA
2024-02-14T11:17:48Z,92:2D:FA:1E:57:54,-80,QAAAAP///////5It+h5XVP///////8D1AAABCIwSmCSwSGBsLRpvABv/AAAAAAAAAAAAAAAAAAAAAAAAAAAAAH8LAAAIBAAAAEAAACC/DDJwgA/+/wAA/v8AAP8cIwEICAAA
2024-02-14T11:17:50Z,52:C0:B6:1C:90:79,-90,QAAAAP///////1LAthyQef///////6B9AAABCAwSGCQwSGBsLRrvARP//wAAAAAAAAAAAAAAAAAAAAAAAAABAL8MsvmRM/r/YgP6/2ID3QcAUPIIACYAfwsAAAoCAEAAAAAB
2024-02-14T11:17:50Z,52:C0:B6:1C:90:79,-91,QAAAAP///////1LAthyQef///////7B9AAABCAwSGCQwSGBsLRrvARP//wAAAAAAAAAAAAAAAAAAAAAAAAABAL8MsvmRM/r/YgP6/2ID3QcAUPIIACYAfwsAAAoCAEAAAAAB
2024-02-14T11:17:50Z,52:C0:B6:1C:90:79,-90,QAAAAP///////1LAthyQef///////8B9AAABCAwSGCQwSGBsLRrvARP//wAAAAAAAAAAAAAAAAAAAAAAAAABAL8MsvmRM/r/YgP6/2ID3QcAUPIIACYAfwsAAAoCAEAAAAAB
2024-02-14T11:17:50Z,52:C0:B6:1C:90:79,-90,QAAAAP///////1LAthyQef///////9B9AAABCAwSGCQwSGBsLRrvARP//wAAAAAAAAAAAAAAAAAAAAAAAAABAL8MsvmRM/r/YgP6/2ID3QcAUPIIACYAfwsAAAoCAEAAAAAB
2024-02-14T11:17:51Z,52:C0:B6:1C:90:79,-80,QAAAAP///////1LAthyQef///////7DfAAABBAIECxYyCAwSGCQwSGBsAwEILRqtARP//wAAAAAAAAAAAAAAAAAAAAAAAAABAL8MkvmRM/r/YgP6/2ID3QcAUPIIACoAfwsA
2024-02-14T11:17:51Z,52:C0:B6:1C:90:79,-79,QAAAAP///////1LAthyQef///////9DfAAABBAIECxYyCAwSGCQwSGBsAwEILRqtARP//wAAAAAAAAAAAAAAAAAAAAAAAAABAL8MkvmRM/r/YgP6/2ID3QcAUPIIACoAfwsA
2024-02-14T11:17:55Z,B4:B6:76:26:16:37,-91,QAAAAP///////7S2diYWN////////xB7AAABCAIECxYMEhgkMgQwSGBsLRo8CRf//wAAAAAAAAAAAAAAAAAAAAAAAAAAAA==
2024-02-14T11:17:55Z,9E:25:52:F0:46:1C,-83,QAAAAP///////54lUvBGHP///////2DmAAABCIwSmCSwSGBsLRpvABv/AAAAAAAAAAAAAAAAAAAAAAAAAAAAAH8LAAAIBAAAAEAAACC/DDJwgA/+/wAA/v8AAP8cIwEICAAA
2024-02-14T11:17:55Z,9E:25:52:F0:46:1C,-82,QAAAAP///////54lUvBGHP///////4DmAAABCIwSmCSwSGBsLRpvABv/AAAAAAAAAAAAAAAAAAAAAAAAAAAAAH8LAAAIBAAAAEAAACC/DDJwgA/+/wAA/v8AAP8cIwEICAAA
2024-02-14T11:17:56Z,5E:26:45:3E:FB:63,-71,QAAAAP///////14mRT77Y////////+DqAAABBIKEi5YyCAwSGCQwSGBsAwEILRotQBv/AAAAAAAAAAAAAAAAAAAAAAAAAAAAAH8LAAAIBAAAAEAAACD/HCMBCAgYAIAgMAIA
2024-02-14T11:17:56Z,5E:26:45:3E:FB:63,-72,QAAAAP///////14mRT77Y////////9AUAAABBIKEi5YyCAwSGCQwSGBsAwEILRotQBv/AAAAAAAAAAAAAAAAAAAAAAAAAAAAAH8LAAAIBAAAAEAAACD/HCMBCAgYAIAgMAIA
2024-02-14T11:17:59Z,32:4F:FB:BA:8C:80,-70,QAAAAP///////zJP+7qMgP///////yCAAAABBIKEi5YyCAwSGCQwSGBsAwEILRotQBv/AAAAAAAAAAAAAAAAAAAAAAAAAAAAAH8LAAAIBAAAAEAAACD/HCMBCAgYAIAgMAIA
2024-02-14T11:17:59Z,32:4F:FB:BA:8C:80,-71,QAAAAP///////zJP+7qMgP///////zCAAAABBIKEi5YyCAwSGCQwSGBsAwEILRotQBv/AAAAAAAAAAAAAAAAAAAAAAAAAAAAAH8LAAAIBAAAAEAAACD/HCMBCAgYAIAgMAIA
2024-02-14T11:18:00Z,5E:4B:66:EA:E4:03,-82,QAAAAP///////15LZurkA////////zDxAAABCIwSmCSwSGBsLRpvABv/AAAAAAAAAAAAAAAAAAAAAAAAAAAAAH8LAAAIBAAAAEAAACC/DDJwgQ/6/wAA+v8AAP8cIwEICAAA
2024-02-14T11:18:00Z,5E:4B:66:EA:E4:03,-83,QAAAAP///////15LZurkA////////0DxAAABCIwSmCSwSGBsLRpvABv/AAAAAAAAAAAAAAAAAAAAAAAAAAAAAH8LAAAIBAAAAEAAACC/DDJwgQ/6/wAA+v8AAP8cIwEICAAA
2024-02-14T11:18:02Z,D2:75:F8:68:51:28,-87,QAAAAP///////9J1+GhRKP////////BHAAABCIwSmCSwSGBsLRpvABv/AAAAAAAAAAAAAAAAAAAAAAAAAAAAAH8LAAAIBAAAAEAAACC/DDJwgA/+/wAA/v8AAP8cIwEICAAA
2024-02-14T11:18:02Z,D2:75:F8:68:51:28,-85,QAAAAP///////9J1+GhRKP///////xBIAAABCIwSmCSwSGBsLRpvABv/AAAAAAAAAAAAAAAAAAAAAAAAAAAAAH8LAAAIBAAAAEAAACC/DDJwgA/+/wAA/v8AAP8cIwEICAAA
2024-02-14T11:18:05Z,00:41:0E:A2:F3:69,-87,QAAAAP///////wBBDqLzaf///////4BmAAABCIKEi5YMEhgkMgQwSGBsLRpuGQMAAAAAAAAAAAAAAAAAAAAAAAAAAAAAAEYFMgABAAB/CQAAAAAAAAAAAA==
2024-02-14T11:18:05Z,00:41:0E:A2:F3:69,-86,QAAAAP///////wBBDqLzaf///////5BmAAABCIKEi5YMEhgkMgQwSGBsLRpuGQMAAAAAAAAAAAAAAAAAAAAAAAAAAAAAAEYFMgABAAB/CQAAAAAAAAAAAA==
2024-02-14T11:18:05Z,00:41:0E:A2:F3:69,-85,QAAAAP///////wBBDqLzaf///////6BmAAABCIKEi5YMEhgkMgQwSGBsLRpuGQMAAAAAAAAAAAAAAAAAAAAAAAAAAAAAAEYFMgABAAB/CQAAAAAAAAAAAA==
2024-02-14T11:18:07Z,D2:7F:DB:4E:70:F8,-89,QAAAAP///////9J/205w+P///////zAtAAABCIwSmCSwSGBsLRpvABv/AAAAAAAAAAAAAAAAAAAAAAAAAAAAAH8LAAAIBAAAAEAAACC/DDJwgA/+/wAA/v8AAP8cIwEICAAA
2024-02-14T11:18:07Z,D2:7F:DB:4E:70:F8,-88,QAAAAP///////9J/205w+P///////xDqAAABCIwSmCSwSGBsLRpvABv/AAAAAAAAAAAAAAAAAAAAAAAAAAAAAH8LAAAIBAAAAEAAACC/DDJwgA/+/wAA/v8AAP8cIwEICAAA
2024-02-14T11:18:08Z,9A:38:EC:45:43:6F,-86,QAAAAP///////5o47EVDb////////5A+AAABCIwSmCSwSGBsLRpvABv/AAAAAAAAAAAAAAAAAAAAAAAAAAAAAH8LAAAIBAAAAEAAACC/DDJwgA/+/wAA/v8AAP8cIwEICAAA
2024-02-14T11:18:08Z,9A:38:EC:45:43:6F,-85,QAAAAP///////5o47EVDb////////7A+AAABCIwSmCSwSGBsLRpvABv/AAAAAAAAAAAAAAAAAAAAAAAAAAAAAH8LAAAIBAAAAEAAACC/DDJwgA/+/wAA/v8AAP8cIwEICAAA
2024-02-14T11:18:10Z,DE:35:14:81:9E:FD,-90,QAAAAP///////941FIGe/f///////9A5AAABCIKEi5YMEhgkMgQwSGBs3QcAUPIIABQAAwEI
2024-02-14T11:18:17Z,72:69:CD:FF:00:A0,-81,QAAAAP///////3Jpzf8AoP///////wAaABFBbmRyb2lkU2hhcmVfMTYxMgEIgoSLlgwSGCQyBDBIYGzdBwBQ8ggAEwADAQg=
2024-02-14T11:18:17Z,72:69:CD:FF:00:A0,-79,QAAAAP///////3Jpzf8AoP///////xAaAApMb29rIFN1cyA1AQiChIuWDBIYJDIEMEhgbN0HAFDyCAATAAMBCA==
2024-02-14T11:18:17Z,72:69:CD:FF:00:A0,-80,QAAAAP///////3Jpzf8AoP///////yAaAARFTElUAQiChIuWDBIYJDIEMEhgbN0HAFDyCAATAAMBCA==
2024-02-14T11:18:17Z,72:69:CD:FF:00:A0,-89,QAAAAP///////3Jpzf8AoP///////yAcAAtUUC1MSU5LIERWSwEIDBIYJDBIYGzdBwBQ8ggADgA=
2024-02-14T11:18:17Z,72:69:CD:FF:00:A0,-89,QAAAAP///////3Jpzf8AoP///////zAcAAlEaW1pdHJpdXMBCAwSGCQwSGBs3QcAUPIIAA4A
2024-02-14T11:18:17Z,72:69:CD:FF:00:A0,-90,QAAAAP///////3Jpzf8AoP///////0AcABFBbmRyb2lkU2hhcmVfMTYxMgEIDBIYJDBIYGzdBwBQ8ggADgA=
2024-02-14T11:18:17Z,72:69:CD:FF:00:A0,-90,QAAAAP///////3Jpzf8AoP///////1AcAApMb29rIFN1cyA1AQgMEhgkMEhgbN0HAFDyCAAOAA==
2024-02-14T11:18:17Z,72:69:CD:FF:00:A0,-89,QAAAAP///////3Jpzf8AoP///////2AcAARFTElUAQgMEhgkMEhgbN0HAFDyCAAOAA==
2024-02-14T11:18:17Z,72:69:CD:FF:00:A0,-91,QAAAAP///////3Jpzf8AoP///////3AcAAABCAwSGCQwSGBs3QcAUPIIAA4A
2024-02-14T11:18:23Z,8A:B9:0A:AB:92:F6,-90,QAAAAP///////4q5CquS9v///////8DiABNBbGVrc2FuZHJvdiBIYWxsXzVHAQSChIuWMggMEhgkMEhgbAMBCC0aLUAb//8AAAAAAAAAAAAAAAAAAAAAAAAAAAB/CAAACAQA
2024-02-14T11:18:24Z,DA:88:7A:F6:FE:FA,-91,QAAAAP///////9qIevb++v///////7B7AAABBAIECxYyCAwSGCQwSGBsAwEILRotQBf/AAAAAAAAAAAAAAAAAAAAAAAAAAAAAH8IAAAIhAAAAEBrBw////////8=
2024-02-14T11:18:32Z,B4:B5:B6:B2:37:CB,-89,QAAAAP///////7S1trI3y////////1BBAAABCIKEi5YMEhgkMgQwSGBsLRrvGQP//wAAAAAAAAAAAAAAAAAAAAAAAAAAAEYFMgABAAB/CQAAAAAAAAAAAA==
2024-02-14T11:18:32Z,C2:A2:E0:D6:3C:F5,-89,QAAAAP///////8Ki4NY89f///////zAAAANSU1MBBAIECxYyCAwSGCQwSGBsAwEILRotARP/AAAAAAAAAAAAAAAAAAAAAAAAAAAAAH8LBAAKAgAAAECAASC/DBJ5kTP+/4YB
2024-02-14T11:18:35Z,B4:B5:B6:B0:69:5F,-92,QAAAAP///////7S1trBpX/////////AKAAABCIKEi5YMEhgkMgQwSGBsLRrvGQIAAAAAAAAAAAAAAAAAAAAAAAAAAAAAAEYFMgABAAB/CQAACAAAAAAAAA==
2024-02-14T11:18:37Z,86:20:F5:F4:11:42,-88,QAAAAP///////4Yg9fQRQv///////8BdAAABCIwSmCSwSGBsLRpvABv/AAAAAAAAAAAAAAAAAAAAAAAAAAAAAH8LAAAIBAAAAEAAACC/DDJwgQ/6/wAA+v8AAP8cIwEICAAA
2024-02-14T11:18:37Z,86:20:F5:F4:11:42,-86,QAAAAP///////4Yg9fQRQv///////zByAAABCIwSmCSwSGBsLRpvABv/AAAAAAAAAAAAAAAAAAAAAAAAAAAAAH8LAAAIBAAAAEAAACC/DDJwgA/+/wAA/v8AAP8cIwEICAAA
2024-02-14T11:18:40Z,26:A5:E7:47:9A:D0,-76,QAAAAP///////yal50ea0P///////5B6AAABBIKEi5YyCAwSGCQwSGBsAwEILRotQBv/AAAAAAAAAAAAAAAAAAAAAAAAAAAAAH8LAAAIBAAAAEAAACD/HCMBCAgYAIAgMAIA
2024-02-14T11:18:42Z,DA:81:66:21:BA:6F,-90,QAAAAP///////9qBZiG6b////////8BlAAABCIKEi5YMEhgkMgQwSGBs3QcAUPIIABMAAwEI
2024-02-14T11:18:46Z,0A:25:03:7A:07:45,-93,QAAAAP///////wolA3oHRf///////7DaAAABCIwSmCSwSGBsLRpvABv/AAAAAAAAAAAAAAAAAAAAAAAAAAAAAH8LAAAIBAAAAEAAACC/DDJwgA/+/wAA/v8AAP8cIwEICAAA
2024-02-14T11:18:46Z,0A:25:03:7A:07:45,-91,QAAAAP///////wolA3oHRf///////9DaAAABCIwSmCSwSGBsLRpvABv/AAAAAAAAAAAAAAAAAAAAAAAAAAAAAH8LAAAIBAAAAEAAACC/DDJwgA/+/wAA/v8AAP8cIwEICAAA
2024-02-14T11:18:46Z,4E:5A:B0:86:6A:2A,-82,QAAAAP///////05asIZqKv///////yDoAAABBIKEi5YyCAwSGCQwSGBsAwEILRotQBv/AAAAAAAAAAAAAAAAAAAAAAAAAAAAAH8LAAAIBAAAAEAAACD/HCMBCAgYAIAgMAIA
2024-02-14T11:18:46Z,4E:5A:B0:86:6A:2A,-83,QAAAAP///////05asIZqKv///////5C7AAABBIKEi5YyCAwSGCQwSGBsAwEILRotQBv/AAAAAAAAAAAAAAAAAAAAAAAAAAAAAH8LAAAIBAAAAEAAACD/HCMBCAgYAIAgMAIA
2024-02-14T11:18:48Z,82:15:52:BD:CF:92,-89,QAAAAP///////4IVUr3Pkv///////1D2AAABCIwSmCSwSGBsLRpvABv/AAAAAAAAAAAAAAAAAAAAAAAAAAAAAH8LAAAIBAAAAEAAACC/DDJwgA/+/wAA/v8AAP8cIwEICAAA
2024-02-14T11:18:48Z,82:15:52:BD:CF:92,-89,QAAAAP///////4IVUr3Pkv///////3D2AAABCIwSmCSwSGBsLRpvABv/AAAAAAAAAAAAAAAAAAAAAAAAAAAAAH8LAAAIBAAAAEAAACC/DDJwgA/+/wAA/v8AAP8cIwEICAAA
2024-02-14T11:18:48Z,E2:E5:DD:20:30:6B,-77,QAAAAP///////+Ll3SAwa////////0CrAAABBIKEi5YyCAwSGCQwSGBsAwEILRotQBv/AAAAAAAAAAAAAAAAAAAAAAAAAAAAAH8LAAAIBAAAAEAAACD/HCMBCAgYAIAgMAIA
2024-02-14T11:18:49Z,C2:29:BD:D7:63:7B,-86,QAAAAP///////8Ipvddje////////8ALAAdWb2xpYTcxAQQCBAsWMggMEhgkMEhgbAMBCC0aLUAX/wAAAAAAAAAAAAAAAAAAAAAAAAAAAAB/BAAACIRrBw/////////dCwAX
2024-02-14T11:18:49Z,C2:29:BD:D7:63:7B,-92,QAAAAP///////8Ipvddje////////+ALAAdLeWl2MTUwAQQCBAsWMggMEhgkMEhgbAMBCC0aLUAX/wAAAAAAAAAAAAAAAAAAAAAAAAAAAAB/BAAACIRrBw/////////dCwAX
2024-02-14T11:18:49Z,C2:29:BD:D7:63:7B,-91,QAAAAP///////8Ipvddje////////wAMAAABBAIECxYyCAwSGCQwSGBsAwEILRotQBf/AAAAAAAAAAAAAAAAAAAAAAAAAAAAAH8EAAAIhGsHD////////w==
2024-02-14T11:18:49Z,AE:D7:D0:EE:05:EC,-78,QAAAAP///////67X0O4F7P///////1D+AAABBIKEi5YyCAwSGCQwSGBsAwEILRotQBv/AAAAAAAAAAAAAAAAAAAAAAAAAAAAAH8LAAAIBAAAAEAAACD/HCMBCAgYAIAgMAIA
2024-02-14T11:18:49Z,AE:D7:D0:EE:05:EC,-78,QAAAAP///////67X0O4F7P///////2D+AAABBIKEi5YyCAwSGCQwSGBsAwEILRotQBv/AAAAAAAAAAAAAAAAAAAAAAAAAAAAAH8LAAAIBAAAAEAAACD/HCMBCAgYAIAgMAIA
2024-02-14T11:19:00Z,CE:0F:31:81:2C:A3,-67,QAAAAP///////84PMYEso/////////A5AAABBAIECxYyCAwSGCQwSGBsAwEILRotQBf/AAAAAAAAAAAAAAAAAAAAAAAAAAAAAH8EAAAIhGsHD////////w==
2024-02-14T11:19:00Z,CE:0F:31:81:2C:A3,-68,QAAAAP///////84PMYEso////////wA6AAABBAIECxYyCAwSGCQwSGBsAwEILRotQBf/AAAAAAAAAAAAAAAAAAAAAAAAAAAAAH8EAAAIhGsHD////////w==
2024-02-14T11:19:00Z,CE:0F:31:81:2C:A3,-85,QAAAAP///////84PMYEso////////5A6AAABCAwSGCQwSGBsLRpvABf/AAAAAAAAAAAAAAAAAAAAAAAAAAAAAH8EAAAIhGsHD////////78MMlCAD/7/AAD+/wAA
2024-02-14T11:19:00Z,CE:0F:31:81:2C:A3,-87,QAAAAP///////84PMYEso////////6A6AAABCAwSGCQwSGBsLRpvABf/AAAAAAAAAAAAAAAAAAAAAAAAAAAAAH8EAAAIhGsHD////////78MMlCAD/7/AAD+/wAA
2024-02-14T11:19:01Z,3E:3E:7A:5D:9A:DE,-88,QAAAAP///////z4+el2a3v///////2D1AAABCIwSmCSwSGBsLRpvABv/AAAAAAAAAAAAAAAAAAAAAAAAAAAAAH8LAAAIBAAAAEAAACC/DDJwgA/+/wAA/v8AAP8cIwEICAAA
2024-02-14T11:19:01Z,52:50:45:54:13:A3,-82,QAAAAP///////1JQRVQTo////////7CWAAABBIKEi5YyCAwSGCQwSGBsAwEILRotQBv/AAAAAAAAAAAAAAAAAAAAAAAAAAAAAH8LAAAIBAAAAEAAACD/HCMBCAgYAIAgMAIA
2024-02-14T11:19:01Z,52:50:45:54:13:A3,-82,QAAAAP///////1JQRVQTo////////8CWAAABBIKEi5YyCAwSGCQwSGBsAwEILRotQBv/AAAAAAAAAAAAAAAAAAAAAAAAAAAAAH8LAAAIBAAAAEAAACD/HCMBCAgYAIAgMAIA
2024-02-14T11:19:02Z,B4:B6:76:26:16:37,-90,QAAAAP///////7S2diYWN////////+B8AARBUC0wAQgCBAsWDBIYJDIEMEhgbC0aPAkX//8AAAAAAAAAAAAAAAAAAAAAAAAAAAA=
2024-02-14T11:19:02Z,B4:B6:76:26:16:37,-88,QAAAAP///////7S2diYWN/////////B8AAABCAIECxYMEhgkMgQwSGBsLRo8CRf//wAAAAAAAAAAAAAAAAAAAAAAAAAAAA==
2024-02-14T11:19:03Z,FA:7E:95:0C:45:97,-86,QAAAAP////////p+lQxFl////////7A7AAABCAwSGCQwSGBsLRpvABf/AAAAAAAAAAAAAAAAAAAAAAAAAAAAAH8EAAAIhGsHD////////78MMlCAD/7/AAD+/wAA
2024-02-14T11:19:03Z,FA:7E:95:0C:45:97,-87,QAAAAP////////p+lQxFl////////8A7AAABCAwSGCQwSGBsLRpvABf/AAAAAAAAAAAAAAAAAAAAAAAAAAAAAH8EAAAIhGsHD////////78MMlCAD/7/AAD+/wAA
2024-02-14T11:19:04Z,FA:7E:95:0C:45:97,-71,QAAAAP////////p+lQxFl////////7A9AAABBAIECxYyCAwSGCQwSGBsAwEILRotQBf/AAAAAAAAAAAAAAAAAAAAAAAAAAAAAH8EAAAIhGsHD////////w==
2024-02-14T11:19:04Z,FA:7E:95:0C:45:97,-70,QAAAAP////////p+lQxFl////////8A9AAABBAIECxYyCAwSGCQwSGBsAwEILRotQBf/AAAAAAAAAAAAAAAAAAAAAAAAAAAAAH8EAAAIhGsHD////////w==
2024-02-14T11:19:05Z,00:41:0E:A2:F3:69,-87,QAAAAP///////wBBDqLzaf///////0BsAAABCIKEi5YMEhgkMgQwSGBsLRpuGQMAAAAAAAAAAAAAAAAAAAAAAAAAAAAAAEYFMgABAAB/CQAAAAAAAAAAAA==
2024-02-14T11:19:05Z,00:41:0E:A2:F3:69,-86,QAAAAP///////wBBDqLzaf///////1BsAAABCIKEi5YMEhgkMgQwSGBsLRpuGQMAAAAAAAAAAAAAAAAAAAAAAAAAAAAAAEYFMgABAAB/CQAAAAAAAAAAAA==
2024-02-14T11:19:08Z,14:85:7F:4C:30:BA,-32,QAAAAP///////xSFf0wwuv///////9CMAAABCAIECxYMEhgkMgQwSGBsLRruERf/AAAAAAAAAAAAlgAHAAAAAAAAAAAAAA==
2024-02-14T11:19:08Z,14:85:7F:4C:30:BA,-45,QAAAAP///////xSFf0wwuv///////zCNAAABCAwSGCQwSGBsLRruERf/AAAAAAAAAAAAlgAHAAAAAAAAAAAAAL8MIHGAM/7/AAD+/wAg
2024-02-14T11:19:11Z,06:D6:6F:3A:93:F8,-84,QAAAAP///////wbWbzqT+P///////3A+AAABCAwSGCQwSGBsLRpvABf/AAAAAAAAAAAAAAAAAAAAAAAAAAAAAH8EAAAIhGsHD////////78MMlCAD/7/AAD+/wAA
2024-02-14T11:19:11Z,06:D6:6F:3A:93:F8,-84,QAAAAP///////wbWbzqT+P///////4A+AAABCAwSGCQwSGBsLRpvABf/AAAAAAAAAAAAAAAAAAAAAAAAAAAAAH8EAAAIhGsHD////////78MMlCAD/7/AAD+/wAA
2024-02-14T11:19:12Z,06:D6:6F:3A:93:F8,-65,QAAAAP///////wbWbzqT+P///////3BAAAABBAIECxYyCAwSGCQwSGBsAwEILRotQBf/AAAAAAAAAAAAAAAAAAAAAAAAAAAAAH8EAAAIhGsHD////////w==
2024-02-14T11:19:12Z,06:D6:6F:3A:93:F8,-64,QAAAAP///////wbWbzqT+P///////4BAAAABBAIECxYyCAwSGCQwSGBsAwEILRotQBf/AAAAAAAAAAAAAAAAAAAAAAAAAAAAAH8EAAAIhGsHD////////w==
2024-02-14T11:19:17Z,EE:EE:00:A3:62:07,-46,QAAAAP///////+7uAKNiB////////7BNAAABBIKEi5YyCAwSGCQwSGBsAwEILRotQBv/AAAAAAAAAAAAAAAAAAAAAAAAAAAAAH8LBABIBAAAAEAAACD/HCMBCAiYAIggMAIA
2024-02-14T11:19:17Z,EE:EE:00:A3:62:07,-46,QAAAAP///////+7uAKNiB////////8BNAAABBIKEi5YyCAwSGCQwSGBsAwEILRotQBv/AAAAAAAAAAAAAAAAAAAAAAAAAAAAAH8LBABIBAAAAEAAACD/HCMBCAiYAIggMAIA
2024-02-14T11:19:18Z,26:EE:0B:75:90:F5,-47,QAAAAP///////ybuC3WQ9f///////3BIAAABCIwSmCSwSGBsLRpvABv//wAAAAAAAAAAAAAAAAAAAAAAAAAAAH8LBABIBAAAAEAAACC/DHZwgQ/6/wAA+v8AIP8hIwEICIAA
2024-02-14T11:19:18Z,26:EE:0B:75:90:F5,-47,QAAAAP///////ybuC3WQ9f///////4BIAAABCIwSmCSwSGBsLRpvABv//wAAAAAAAAAAAAAAAAAAAAAAAAAAAH8LBABIBAAAAEAAACC/DHZwgQ/6/wAA+v8AIP8hIwEICIAA
2024-02-14T11:19:29Z,6A:1E:53:6D:DD:8F,-87,QAAAAP///////2oeU23dj////////0AXAAABCIwSmCSwSGBsLRpvABv/AAAAAAAAAAAAAAAAAAAAAAAAAAAAAH8LAAAIBAAAAEAAACC/DDJwgA/+/wAA/v8AAP8cIwEICAAA
2024-02-14T11:19:29Z,6A:1E:53:6D:DD:8F,-86,QAAAAP///////2oeU23dj////////2AXAAABCIwSmCSwSGBsLRpvABv/AAAAAAAAAAAAAAAAAAAAAAAAAAAAAH8LAAAIBAAAAEAAACC/DDJwgA/+/wAA/v8AAP8cIwEICAAA
